# JRE version: OpenJDK Runtime Environment (8.0_242-b01) (build 1.8.0_242-release-1644-b01)
# Java VM: OpenJDK 64-Bit Server VM (25.242-b01 mixed mode windows-amd64 compressed oops)
Heap:
 PSYoungGen      total 385536K, used 148435K [0x00000000e0000000, 0x00000000fce80000, 0x0000000100000000)
  eden space 316928K, 44% used [0x00000000e0000000,0x00000000e8a73f20,0x00000000f3580000)
  from space 68608K, 9% used [0x00000000f8b80000,0x00000000f9200d30,0x00000000fce80000)
  to   space 78336K, 0% used [0x00000000f3580000,0x00000000f3580000,0x00000000f8200000)
 ParOldGen       total 367104K, used 155941K [0x00000000a0000000, 0x00000000b6680000, 0x00000000e0000000)
  object space 367104K, 42% used [0x00000000a0000000,0x00000000a9849710,0x00000000b6680000)
 Metaspace       used 140557K, capacity 146918K, committed 147240K, reserved 1177600K
  class space    used 18154K, capacity 19397K, committed 19504K, reserved 1048576K
GC Heap History (10 events):
Event: 75.825 GC heap before
{Heap before GC invocations=25 (full 4):
 PSYoungGen      total 290816K, used 276602K [0x00000000e0000000, 0x00000000f4b80000, 0x0000000100000000)
  eden space 248320K, 100% used [0x00000000e0000000,0x00000000ef280000,0x00000000ef280000)
  from space 42496K, 66% used [0x00000000f1d00000,0x00000000f389eb60,0x00000000f4680000)
  to   space 43520K, 0% used [0x00000000ef280000,0x00000000ef280000,0x00000000f1d00000)
 ParOldGen       total 245760K, used 90952K [0x00000000a0000000, 0x00000000af000000, 0x00000000e0000000)
  object space 245760K, 37% used [0x00000000a0000000,0x00000000a58d2290,0x00000000af000000)
 Metaspace       used 128872K, capacity 133676K, committed 133928K, reserved 1165312K
  class space    used 16604K, capacity 17682K, committed 17712K, reserved 1048576K
Event: 75.869 GC heap after
Heap after GC invocations=25 (full 4):
 PSYoungGen      total 291840K, used 43498K [0x00000000e0000000, 0x00000000f8a00000, 0x0000000100000000)
  eden space 248320K, 0% used [0x00000000e0000000,0x00000000e0000000,0x00000000ef280000)
  from space 43520K, 99% used [0x00000000ef280000,0x00000000f1cfa858,0x00000000f1d00000)
  to   space 57344K, 0% used [0x00000000f5200000,0x00000000f5200000,0x00000000f8a00000)
 ParOldGen       total 245760K, used 111534K [0x00000000a0000000, 0x00000000af000000, 0x00000000e0000000)
  object space 245760K, 45% used [0x00000000a0000000,0x00000000a6ceb948,0x00000000af000000)
 Metaspace       used 128872K, capacity 133676K, committed 133928K, reserved 1165312K
  class space    used 16604K, capacity 17682K, committed 17712K, reserved 1048576K
}
Event: 76.785 GC heap before
{Heap before GC invocations=26 (full 4):
 PSYoungGen      total 291840K, used 291818K [0x00000000e0000000, 0x00000000f8a00000, 0x0000000100000000)
  eden space 248320K, 100% used [0x00000000e0000000,0x00000000ef280000,0x00000000ef280000)
  from space 43520K, 99% used [0x00000000ef280000,0x00000000f1cfa858,0x00000000f1d00000)
  to   space 57344K, 0% used [0x00000000f5200000,0x00000000f5200000,0x00000000f8a00000)
 ParOldGen       total 245760K, used 111534K [0x00000000a0000000, 0x00000000af000000, 0x00000000e0000000)
  object space 245760K, 45% used [0x00000000a0000000,0x00000000a6ceb948,0x00000000af000000)
 Metaspace       used 130141K, capacity 134986K, committed 135208K, reserved 1167360K
  class space    used 16796K, capacity 17853K, committed 17968K, reserved 1048576K
Event: 76.879 GC heap after
Heap after GC invocations=26 (full 4):
 PSYoungGen      total 322048K, used 57325K [0x00000000e0000000, 0x00000000fcb80000, 0x0000000100000000)
  eden space 264704K, 0% used [0x00000000e0000000,0x00000000e0000000,0x00000000f0280000)
  from space 57344K, 99% used [0x00000000f5200000,0x00000000f89fb780,0x00000000f8a00000)
  to   space 81408K, 0% used [0x00000000f0280000,0x00000000f0280000,0x00000000f5200000)
 ParOldGen       total 245760K, used 151347K [0x00000000a0000000, 0x00000000af000000, 0x00000000e0000000)
  object space 245760K, 61% used [0x00000000a0000000,0x00000000a93cce28,0x00000000af000000)
 Metaspace       used 130141K, capacity 134986K, committed 135208K, reserved 1167360K
  class space    used 16796K, capacity 17853K, committed 17968K, reserved 1048576K
}
Event: 78.830 GC heap before
{Heap before GC invocations=27 (full 4):
 PSYoungGen      total 322048K, used 322029K [0x00000000e0000000, 0x00000000fcb80000, 0x0000000100000000)
  eden space 264704K, 100% used [0x00000000e0000000,0x00000000f0280000,0x00000000f0280000)
  from space 57344K, 99% used [0x00000000f5200000,0x00000000f89fb780,0x00000000f8a00000)
  to   space 81408K, 0% used [0x00000000f0280000,0x00000000f0280000,0x00000000f5200000)
 ParOldGen       total 245760K, used 151347K [0x00000000a0000000, 0x00000000af000000, 0x00000000e0000000)
  object space 245760K, 61% used [0x00000000a0000000,0x00000000a93cce28,0x00000000af000000)
 Metaspace       used 136753K, capacity 142446K, committed 142632K, reserved 1173504K
  class space    used 17712K, capacity 18921K, committed 18992K, reserved 1048576K
Event: 78.882 GC heap after
Heap after GC invocations=27 (full 4):
 PSYoungGen      total 346112K, used 14651K [0x00000000e0000000, 0x00000000fd880000, 0x0000000100000000)
  eden space 264704K, 0% used [0x00000000e0000000,0x00000000e0000000,0x00000000f0280000)
  from space 81408K, 17% used [0x00000000f0280000,0x00000000f10cec90,0x00000000f5200000)
  to   space 78848K, 0% used [0x00000000f8b80000,0x00000000f8b80000,0x00000000fd880000)
 ParOldGen       total 245760K, used 206324K [0x00000000a0000000, 0x00000000af000000, 0x00000000e0000000)
  object space 245760K, 83% used [0x00000000a0000000,0x00000000ac97d210,0x00000000af000000)
 Metaspace       used 136753K, capacity 142446K, committed 142632K, reserved 1173504K
  class space    used 17712K, capacity 18921K, committed 18992K, reserved 1048576K
}
Event: 78.882 GC heap before
{Heap before GC invocations=28 (full 5):
 PSYoungGen      total 346112K, used 14651K [0x00000000e0000000, 0x00000000fd880000, 0x0000000100000000)
  eden space 264704K, 0% used [0x00000000e0000000,0x00000000e0000000,0x00000000f0280000)
  from space 81408K, 17% used [0x00000000f0280000,0x00000000f10cec90,0x00000000f5200000)
  to   space 78848K, 0% used [0x00000000f8b80000,0x00000000f8b80000,0x00000000fd880000)
 ParOldGen       total 245760K, used 206324K [0x00000000a0000000, 0x00000000af000000, 0x00000000e0000000)
  object space 245760K, 83% used [0x00000000a0000000,0x00000000ac97d210,0x00000000af000000)
 Metaspace       used 136753K, capacity 142446K, committed 142632K, reserved 1173504K
  class space    used 17712K, capacity 18921K, committed 18992K, reserved 1048576K
Event: 79.192 GC heap after
Heap after GC invocations=28 (full 5):
 PSYoungGen      total 346112K, used 0K [0x00000000e0000000, 0x00000000fd880000, 0x0000000100000000)
  eden space 264704K, 0% used [0x00000000e0000000,0x00000000e0000000,0x00000000f0280000)
  from space 81408K, 0% used [0x00000000f0280000,0x00000000f0280000,0x00000000f5200000)
  to   space 78848K, 0% used [0x00000000f8b80000,0x00000000f8b80000,0x00000000fd880000)
 ParOldGen       total 367104K, used 155933K [0x00000000a0000000, 0x00000000b6680000, 0x00000000e0000000)
  object space 367104K, 42% used [0x00000000a0000000,0x00000000a98476d8,0x00000000b6680000)
 Metaspace       used 136581K, capacity 142024K, committed 142632K, reserved 1173504K
  class space    used 17654K, capacity 18820K, committed 18992K, reserved 1048576K
}
Event: 80.664 GC heap before
{Heap before GC invocations=29 (full 5):
 PSYoungGen      total 346112K, used 264704K [0x00000000e0000000, 0x00000000fd880000, 0x0000000100000000)
  eden space 264704K, 100% used [0x00000000e0000000,0x00000000f0280000,0x00000000f0280000)
  from space 81408K, 0% used [0x00000000f0280000,0x00000000f0280000,0x00000000f5200000)
  to   space 78848K, 0% used [0x00000000f8b80000,0x00000000f8b80000,0x00000000fd880000)
 ParOldGen       total 367104K, used 155933K [0x00000000a0000000, 0x00000000b6680000, 0x00000000e0000000)
  object space 367104K, 42% used [0x00000000a0000000,0x00000000a9847710,0x00000000b6680000)
 Metaspace       used 138722K, capacity 144800K, committed 144936K, reserved 1175552K
  class space    used 17927K, capacity 19146K, committed 19248K, reserved 1048576K
Event: 80.672 GC heap after
Heap after GC invocations=29 (full 5):
 PSYoungGen      total 385536K, used 6659K [0x00000000e0000000, 0x00000000fce80000, 0x0000000100000000)
  eden space 316928K, 0% used [0x00000000e0000000,0x00000000e0000000,0x00000000f3580000)
  from space 68608K, 9% used [0x00000000f8b80000,0x00000000f9200d30,0x00000000fce80000)
  to   space 78336K, 0% used [0x00000000f3580000,0x00000000f3580000,0x00000000f8200000)
 ParOldGen       total 367104K, used 155941K [0x00000000a0000000, 0x00000000b6680000, 0x00000000e0000000)
  object space 367104K, 42% used [0x00000000a0000000,0x00000000a9849710,0x00000000b6680000)
 Metaspace       used 138722K, capacity 144800K, committed 144936K, reserved 1175552K
  class space    used 17927K, capacity 19146K, committed 19248K, reserved 1048576K
}

